# JRE version: OpenJDK Runtime Environment AdoptOpenJDK-dcevm-11.0.15+1-202204281500 (11.0.15+1) (build 11.0.15+1-202204281500)
# Java VM: Dynamic Code Evolution 64-Bit Server VM AdoptOpenJDK-dcevm-11.0.15+1-202204281500 (11.0.15+1-202204281500, mixed mode, tiered, compressed oops, g1 gc, windows-amd64)
Heap:
 garbage-first heap   total 688128K, used 407240K [0x0000000603c00000, 0x0000000800000000)
  region size 2048K, 70 young (143360K), 2 survivors (4096K)
 Metaspace       used 217487K, capacity 222582K, committed 224688K, reserved 1249280K
  class space    used 23449K, capacity 25153K, committed 25856K, reserved 1048576K
GC Heap History (20 events):
Event: 3965.305 GC heap before
{Heap before GC invocations=90 (full 0):
 garbage-first heap   total 688128K, used 218528K [0x0000000603c00000, 0x0000000800000000)
  region size 2048K, 16 young (32768K), 10 survivors (20480K)
 Metaspace       used 206239K, capacity 212693K, committed 212784K, reserved 1236992K
  class space    used 23244K, capacity 25457K, committed 25472K, reserved 1048576K
}
Event: 3965.330 GC heap after
{Heap after GC invocations=91 (full 0):
 garbage-first heap   total 688128K, used 192042K [0x0000000603c00000, 0x0000000800000000)
  region size 2048K, 2 young (4096K), 2 survivors (4096K)
 Metaspace       used 206239K, capacity 212693K, committed 212784K, reserved 1236992K
  class space    used 23244K, capacity 25457K, committed 25472K, reserved 1048576K
}
Event: 5057.119 GC heap before
{Heap before GC invocations=91 (full 0):
 garbage-first heap   total 688128K, used 523818K [0x0000000603c00000, 0x0000000800000000)
  region size 2048K, 164 young (335872K), 2 survivors (4096K)
 Metaspace       used 207726K, capacity 214511K, committed 214576K, reserved 1239040K
  class space    used 23396K, capacity 25704K, committed 25728K, reserved 1048576K
}
Event: 5057.146 GC heap after
{Heap after GC invocations=92 (full 0):
 garbage-first heap   total 688128K, used 217216K [0x0000000603c00000, 0x0000000800000000)
  region size 2048K, 14 young (28672K), 14 survivors (28672K)
 Metaspace       used 207726K, capacity 214511K, committed 214576K, reserved 1239040K
  class space    used 23396K, capacity 25704K, committed 25728K, reserved 1048576K
}
Event: 5061.127 GC heap before
{Heap before GC invocations=93 (full 0):
 garbage-first heap   total 688128K, used 528512K [0x0000000603c00000, 0x0000000800000000)
  region size 2048K, 166 young (339968K), 14 survivors (28672K)
 Metaspace       used 204112K, capacity 208903K, committed 214576K, reserved 1239040K
  class space    used 22324K, capacity 23912K, committed 25728K, reserved 1048576K
}
Event: 5061.149 GC heap after
{Heap after GC invocations=94 (full 0):
 garbage-first heap   total 688128K, used 227874K [0x0000000603c00000, 0x0000000800000000)
  region size 2048K, 8 young (16384K), 8 survivors (16384K)
 Metaspace       used 204112K, capacity 208903K, committed 214576K, reserved 1239040K
  class space    used 22324K, capacity 23912K, committed 25728K, reserved 1048576K
}
Event: 5061.701 GC heap before
{Heap before GC invocations=94 (full 0):
 garbage-first heap   total 688128K, used 242210K [0x0000000603c00000, 0x0000000800000000)
  region size 2048K, 16 young (32768K), 8 survivors (16384K)
 Metaspace       used 204117K, capacity 208904K, committed 214576K, reserved 1239040K
  class space    used 22324K, capacity 23912K, committed 25728K, reserved 1048576K
}
Event: 5061.714 GC heap after
{Heap after GC invocations=95 (full 0):
 garbage-first heap   total 688128K, used 228331K [0x0000000603c00000, 0x0000000800000000)
  region size 2048K, 2 young (4096K), 2 survivors (4096K)
 Metaspace       used 204117K, capacity 208904K, committed 214576K, reserved 1239040K
  class space    used 22324K, capacity 23912K, committed 25728K, reserved 1048576K
}
Event: 5068.595 GC heap before
{Heap before GC invocations=95 (full 0):
 garbage-first heap   total 688128K, used 541675K [0x0000000603c00000, 0x0000000800000000)
  region size 2048K, 155 young (317440K), 2 survivors (4096K)
 Metaspace       used 205646K, capacity 210483K, committed 214576K, reserved 1239040K
  class space    used 22469K, capacity 24087K, committed 25728K, reserved 1048576K
}
Event: 5068.633 GC heap after
{Heap after GC invocations=96 (full 0):
 garbage-first heap   total 688128K, used 241503K [0x0000000603c00000, 0x0000000800000000)
  region size 2048K, 8 young (16384K), 8 survivors (16384K)
 Metaspace       used 205646K, capacity 210483K, committed 214576K, reserved 1239040K
  class space    used 22469K, capacity 24087K, committed 25728K, reserved 1048576K
}
Event: 5074.163 GC heap before
{Heap before GC invocations=97 (full 0):
 garbage-first heap   total 688128K, used 548703K [0x0000000603c00000, 0x0000000800000000)
  region size 2048K, 159 young (325632K), 8 survivors (16384K)
 Metaspace       used 209542K, capacity 214434K, committed 217392K, reserved 1241088K
  class space    used 22798K, capacity 24454K, committed 25728K, reserved 1048576K
}
Event: 5074.177 GC heap after
{Heap after GC invocations=98 (full 0):
 garbage-first heap   total 688128K, used 248888K [0x0000000603c00000, 0x0000000800000000)
  region size 2048K, 12 young (24576K), 12 survivors (24576K)
 Metaspace       used 209542K, capacity 214434K, committed 217392K, reserved 1241088K
  class space    used 22798K, capacity 24454K, committed 25728K, reserved 1048576K
}
Event: 5074.346 GC heap before
{Heap before GC invocations=98 (full 0):
 garbage-first heap   total 688128K, used 257080K [0x0000000603c00000, 0x0000000800000000)
  region size 2048K, 16 young (32768K), 12 survivors (24576K)
 Metaspace       used 209562K, capacity 214498K, committed 217392K, reserved 1241088K
  class space    used 22801K, capacity 24454K, committed 25728K, reserved 1048576K
}
Event: 5074.363 GC heap after
{Heap after GC invocations=99 (full 0):
 garbage-first heap   total 688128K, used 249521K [0x0000000603c00000, 0x0000000800000000)
  region size 2048K, 2 young (4096K), 2 survivors (4096K)
 Metaspace       used 209562K, capacity 214498K, committed 217392K, reserved 1241088K
  class space    used 22801K, capacity 24454K, committed 25728K, reserved 1048576K
}
Event: 5081.397 GC heap before
{Heap before GC invocations=99 (full 0):
 garbage-first heap   total 688128K, used 556721K [0x0000000603c00000, 0x0000000800000000)
  region size 2048K, 152 young (311296K), 2 survivors (4096K)
 Metaspace       used 212181K, capacity 217106K, committed 219952K, reserved 1243136K
  class space    used 22989K, capacity 24655K, committed 25728K, reserved 1048576K
}
Event: 5081.410 GC heap after
{Heap after GC invocations=100 (full 0):
 garbage-first heap   total 688128K, used 257495K [0x0000000603c00000, 0x0000000800000000)
  region size 2048K, 6 young (12288K), 6 survivors (12288K)
 Metaspace       used 212181K, capacity 217106K, committed 219952K, reserved 1243136K
  class space    used 22989K, capacity 24655K, committed 25728K, reserved 1048576K
}
Event: 5086.800 GC heap before
{Heap before GC invocations=101 (full 0):
 garbage-first heap   total 688128K, used 564695K [0x0000000603c00000, 0x0000000800000000)
  region size 2048K, 156 young (319488K), 6 survivors (12288K)
 Metaspace       used 215841K, capacity 220878K, committed 223024K, reserved 1247232K
  class space    used 23340K, capacity 25045K, committed 25728K, reserved 1048576K
}
Event: 5086.814 GC heap after
{Heap after GC invocations=102 (full 0):
 garbage-first heap   total 688128K, used 269197K [0x0000000603c00000, 0x0000000800000000)
  region size 2048K, 12 young (24576K), 12 survivors (24576K)
 Metaspace       used 215841K, capacity 220878K, committed 223024K, reserved 1247232K
  class space    used 23340K, capacity 25045K, committed 25728K, reserved 1048576K
}
Event: 5086.962 GC heap before
{Heap before GC invocations=102 (full 0):
 garbage-first heap   total 688128K, used 277389K [0x0000000603c00000, 0x0000000800000000)
  region size 2048K, 16 young (32768K), 12 survivors (24576K)
 Metaspace       used 215950K, capacity 221012K, committed 223024K, reserved 1247232K
  class space    used 23350K, capacity 25046K, committed 25728K, reserved 1048576K
}
Event: 5086.976 GC heap after
{Heap after GC invocations=103 (full 0):
 garbage-first heap   total 688128K, used 270024K [0x0000000603c00000, 0x0000000800000000)
  region size 2048K, 2 young (4096K), 2 survivors (4096K)
 Metaspace       used 215950K, capacity 221012K, committed 223024K, reserved 1247232K
  class space    used 23350K, capacity 25046K, committed 25728K, reserved 1048576K
}

